{"C:\\Workspace\\KunSkiMurderGameSite\\src\\lib\\services\\DatabaseService.ts": {"path":"C:\\Workspace\\KunSkiMurderGameSite\\src\\lib\\services\\DatabaseService.ts","statementMap":{"0":{"start":{"line":3,"column":27},"end":{"line":3,"column":null}},"1":{"start":{"line":12,"column":4},"end":{"line":12,"column":null}},"2":{"start":{"line":13,"column":4},"end":{"line":13,"column":null}},"3":{"start":{"line":21,"column":4},"end":{"line":28,"column":null}},"4":{"start":{"line":31,"column":4},"end":{"line":40,"column":null}},"5":{"start":{"line":43,"column":4},"end":{"line":50,"column":null}},"6":{"start":{"line":59,"column":25},"end":{"line":59,"column":null}},"7":{"start":{"line":60,"column":4},"end":{"line":62,"column":null}},"8":{"start":{"line":61,"column":6},"end":{"line":61,"column":null}},"9":{"start":{"line":65,"column":20},"end":{"line":65,"column":null}},"10":{"start":{"line":68,"column":24},"end":{"line":68,"column":null}},"11":{"start":{"line":69,"column":23},"end":{"line":69,"column":null}},"12":{"start":{"line":70,"column":4},"end":{"line":70,"column":null}},"13":{"start":{"line":73,"column":19},"end":{"line":73,"column":null}},"14":{"start":{"line":74,"column":22},"end":{"line":74,"column":null}},"15":{"start":{"line":76,"column":17},"end":{"line":79,"column":null}},"16":{"start":{"line":81,"column":4},"end":{"line":81,"column":null}},"17":{"start":{"line":83,"column":4},"end":{"line":87,"column":null}},"18":{"start":{"line":95,"column":17},"end":{"line":99,"column":null}},"19":{"start":{"line":101,"column":16},"end":{"line":101,"column":null}},"20":{"start":{"line":103,"column":4},"end":{"line":105,"column":null}},"21":{"start":{"line":104,"column":6},"end":{"line":104,"column":null}},"22":{"start":{"line":107,"column":4},"end":{"line":111,"column":null}},"23":{"start":{"line":120,"column":30},"end":{"line":120,"column":null}},"24":{"start":{"line":121,"column":17},"end":{"line":124,"column":null}},"25":{"start":{"line":126,"column":4},"end":{"line":139,"column":null}},"26":{"start":{"line":126,"column":17},"end":{"line":126,"column":20}},"27":{"start":{"line":127,"column":17},"end":{"line":127,"column":null}},"28":{"start":{"line":128,"column":19},"end":{"line":128,"column":null}},"29":{"start":{"line":129,"column":24},"end":{"line":129,"column":null}},"30":{"start":{"line":131,"column":6},"end":{"line":131,"column":null}},"31":{"start":{"line":133,"column":6},"end":{"line":138,"column":null}},"32":{"start":{"line":141,"column":4},"end":{"line":141,"column":null}},"33":{"start":{"line":149,"column":17},"end":{"line":152,"column":null}},"34":{"start":{"line":154,"column":17},"end":{"line":154,"column":null}},"35":{"start":{"line":161,"column":4},"end":{"line":166,"column":null}},"36":{"start":{"line":161,"column":28},"end":{"line":166,"column":6}},"37":{"start":{"line":175,"column":17},"end":{"line":179,"column":null}},"38":{"start":{"line":181,"column":16},"end":{"line":181,"column":null}},"39":{"start":{"line":188,"column":4},"end":{"line":190,"column":null}},"40":{"start":{"line":189,"column":6},"end":{"line":189,"column":null}},"41":{"start":{"line":192,"column":4},"end":{"line":197,"column":null}},"42":{"start":{"line":205,"column":17},"end":{"line":209,"column":null}},"43":{"start":{"line":211,"column":4},"end":{"line":211,"column":null}},"44":{"start":{"line":220,"column":15},"end":{"line":220,"column":null}},"45":{"start":{"line":221,"column":21},"end":{"line":221,"column":null}},"46":{"start":{"line":222,"column":24},"end":{"line":222,"column":null}},"47":{"start":{"line":224,"column":17},"end":{"line":227,"column":null}},"48":{"start":{"line":229,"column":4},"end":{"line":229,"column":null}},"49":{"start":{"line":231,"column":4},"end":{"line":237,"column":null}},"50":{"start":{"line":245,"column":17},"end":{"line":248,"column":null}},"51":{"start":{"line":250,"column":17},"end":{"line":250,"column":null}},"52":{"start":{"line":258,"column":4},"end":{"line":264,"column":null}},"53":{"start":{"line":258,"column":28},"end":{"line":264,"column":6}},"54":{"start":{"line":273,"column":17},"end":{"line":277,"column":null}},"55":{"start":{"line":279,"column":17},"end":{"line":279,"column":null}},"56":{"start":{"line":287,"column":4},"end":{"line":293,"column":null}},"57":{"start":{"line":287,"column":28},"end":{"line":293,"column":6}},"58":{"start":{"line":300,"column":4},"end":{"line":300,"column":null}}},"fnMap":{"0":{"name":"(anonymous_0)","decl":{"start":{"line":11,"column":2},"end":{"line":11,"column":14}},"loc":{"start":{"line":11,"column":52},"end":{"line":14,"column":null}},"line":11},"1":{"name":"(anonymous_1)","decl":{"start":{"line":19,"column":10},"end":{"line":19,"column":35}},"loc":{"start":{"line":19,"column":35},"end":{"line":51,"column":null}},"line":19},"2":{"name":"(anonymous_2)","decl":{"start":{"line":57,"column":2},"end":{"line":57,"column":30}},"loc":{"start":{"line":57,"column":30},"end":{"line":88,"column":null}},"line":57},"3":{"name":"(anonymous_3)","decl":{"start":{"line":94,"column":2},"end":{"line":94,"column":35}},"loc":{"start":{"line":94,"column":35},"end":{"line":112,"column":null}},"line":94},"4":{"name":"(anonymous_4)","decl":{"start":{"line":119,"column":2},"end":{"line":119,"column":16}},"loc":{"start":{"line":119,"column":41},"end":{"line":142,"column":null}},"line":119},"5":{"name":"(anonymous_5)","decl":{"start":{"line":148,"column":2},"end":{"line":148,"column":25}},"loc":{"start":{"line":148,"column":25},"end":{"line":167,"column":null}},"line":148},"6":{"name":"(anonymous_6)","decl":{"start":{"line":161,"column":20},"end":{"line":161,"column":28}},"loc":{"start":{"line":161,"column":28},"end":{"line":166,"column":6}},"line":161},"7":{"name":"(anonymous_7)","decl":{"start":{"line":174,"column":2},"end":{"line":174,"column":16}},"loc":{"start":{"line":174,"column":43},"end":{"line":198,"column":null}},"line":174},"8":{"name":"(anonymous_8)","decl":{"start":{"line":204,"column":2},"end":{"line":204,"column":14}},"loc":{"start":{"line":204,"column":38},"end":{"line":212,"column":null}},"line":204},"9":{"name":"(anonymous_9)","decl":{"start":{"line":219,"column":2},"end":{"line":219,"column":19}},"loc":{"start":{"line":219,"column":56},"end":{"line":238,"column":null}},"line":219},"10":{"name":"(anonymous_10)","decl":{"start":{"line":244,"column":2},"end":{"line":244,"column":33}},"loc":{"start":{"line":244,"column":33},"end":{"line":265,"column":null}},"line":244},"11":{"name":"(anonymous_11)","decl":{"start":{"line":258,"column":20},"end":{"line":258,"column":28}},"loc":{"start":{"line":258,"column":28},"end":{"line":264,"column":6}},"line":258},"12":{"name":"(anonymous_12)","decl":{"start":{"line":272,"column":2},"end":{"line":272,"column":29}},"loc":{"start":{"line":272,"column":61},"end":{"line":294,"column":null}},"line":272},"13":{"name":"(anonymous_13)","decl":{"start":{"line":287,"column":20},"end":{"line":287,"column":28}},"loc":{"start":{"line":287,"column":28},"end":{"line":293,"column":6}},"line":287},"14":{"name":"(anonymous_14)","decl":{"start":{"line":299,"column":2},"end":{"line":299,"column":16}},"loc":{"start":{"line":299,"column":16},"end":{"line":301,"column":null}},"line":299}},"branchMap":{"0":{"loc":{"start":{"line":11,"column":14},"end":{"line":11,"column":52}},"type":"default-arg","locations":[{"start":{"line":11,"column":31},"end":{"line":11,"column":52}}],"line":11},"1":{"loc":{"start":{"line":60,"column":4},"end":{"line":62,"column":null}},"type":"if","locations":[{"start":{"line":60,"column":4},"end":{"line":62,"column":null}},{"start":{},"end":{}}],"line":60},"2":{"loc":{"start":{"line":103,"column":4},"end":{"line":105,"column":null}},"type":"if","locations":[{"start":{"line":103,"column":4},"end":{"line":105,"column":null}},{"start":{},"end":{}}],"line":103},"3":{"loc":{"start":{"line":188,"column":4},"end":{"line":190,"column":null}},"type":"if","locations":[{"start":{"line":188,"column":4},"end":{"line":190,"column":null}},{"start":{},"end":{}}],"line":188}},"s":{"0":1,"1":422,"2":422,"3":422,"4":422,"5":422,"6":106,"7":106,"8":1,"9":105,"10":105,"11":105,"12":105,"13":105,"14":105,"15":105,"16":105,"17":105,"18":112,"19":112,"20":112,"21":108,"22":4,"23":414,"24":414,"25":414,"26":414,"27":5515,"28":5515,"29":5515,"30":5515,"31":5515,"32":414,"33":111,"34":111,"35":111,"36":1635,"37":495,"38":495,"39":495,"40":1,"41":494,"42":106,"43":106,"44":601,"45":601,"46":601,"47":601,"48":601,"49":601,"50":205,"51":205,"52":205,"53":598,"54":2,"55":2,"56":2,"57":2,"58":422},"f":{"0":422,"1":422,"2":106,"3":112,"4":414,"5":111,"6":1635,"7":495,"8":106,"9":601,"10":205,"11":598,"12":2,"13":2,"14":422},"b":{"0":[422],"1":[1,105],"2":[108,4],"3":[1,494]},"meta":{"lastBranch":4,"lastFunction":15,"lastStatement":59,"seen":{"s:3:27:3:Infinity":0,"f:11:2:11:14":0,"b:11:31:11:52":0,"s:12:4:12:Infinity":1,"s:13:4:13:Infinity":2,"f:19:10:19:35":1,"s:21:4:28:Infinity":3,"s:31:4:40:Infinity":4,"s:43:4:50:Infinity":5,"f:57:2:57:30":2,"s:59:25:59:Infinity":6,"b:60:4:62:Infinity:undefined:undefined:undefined:undefined":1,"s:60:4:62:Infinity":7,"s:61:6:61:Infinity":8,"s:65:20:65:Infinity":9,"s:68:24:68:Infinity":10,"s:69:23:69:Infinity":11,"s:70:4:70:Infinity":12,"s:73:19:73:Infinity":13,"s:74:22:74:Infinity":14,"s:76:17:79:Infinity":15,"s:81:4:81:Infinity":16,"s:83:4:87:Infinity":17,"f:94:2:94:35":3,"s:95:17:99:Infinity":18,"s:101:16:101:Infinity":19,"b:103:4:105:Infinity:undefined:undefined:undefined:undefined":2,"s:103:4:105:Infinity":20,"s:104:6:104:Infinity":21,"s:107:4:111:Infinity":22,"f:119:2:119:16":4,"s:120:30:120:Infinity":23,"s:121:17:124:Infinity":24,"s:126:4:139:Infinity":25,"s:126:17:126:20":26,"s:127:17:127:Infinity":27,"s:128:19:128:Infinity":28,"s:129:24:129:Infinity":29,"s:131:6:131:Infinity":30,"s:133:6:138:Infinity":31,"s:141:4:141:Infinity":32,"f:148:2:148:25":5,"s:149:17:152:Infinity":33,"s:154:17:154:Infinity":34,"s:161:4:166:Infinity":35,"f:161:20:161:28":6,"s:161:28:166:6":36,"f:174:2:174:16":7,"s:175:17:179:Infinity":37,"s:181:16:181:Infinity":38,"b:188:4:190:Infinity:undefined:undefined:undefined:undefined":3,"s:188:4:190:Infinity":39,"s:189:6:189:Infinity":40,"s:192:4:197:Infinity":41,"f:204:2:204:14":8,"s:205:17:209:Infinity":42,"s:211:4:211:Infinity":43,"f:219:2:219:19":9,"s:220:15:220:Infinity":44,"s:221:21:221:Infinity":45,"s:222:24:222:Infinity":46,"s:224:17:227:Infinity":47,"s:229:4:229:Infinity":48,"s:231:4:237:Infinity":49,"f:244:2:244:33":10,"s:245:17:248:Infinity":50,"s:250:17:250:Infinity":51,"s:258:4:264:Infinity":52,"f:258:20:258:28":11,"s:258:28:264:6":53,"f:272:2:272:29":12,"s:273:17:277:Infinity":54,"s:279:17:279:Infinity":55,"s:287:4:293:Infinity":56,"f:287:20:287:28":13,"s:287:28:293:6":57,"f:299:2:299:16":14,"s:300:4:300:Infinity":58}}}
,"C:\\Workspace\\KunSkiMurderGameSite\\src\\lib\\services\\VisibilityManager.ts": {"path":"C:\\Workspace\\KunSkiMurderGameSite\\src\\lib\\services\\VisibilityManager.ts","statementMap":{"0":{"start":{"line":21,"column":19},"end":{"line":21,"column":null}},"1":{"start":{"line":22,"column":4},"end":{"line":22,"column":null}},"2":{"start":{"line":25,"column":4},"end":{"line":27,"column":null}},"3":{"start":{"line":26,"column":6},"end":{"line":26,"column":null}},"4":{"start":{"line":29,"column":4},"end":{"line":29,"column":null}},"5":{"start":{"line":42,"column":19},"end":{"line":42,"column":null}},"6":{"start":{"line":43,"column":4},"end":{"line":43,"column":null}},"7":{"start":{"line":54,"column":4},"end":{"line":54,"column":null}},"8":{"start":{"line":54,"column":39},"end":{"line":54,"column":80}}},"fnMap":{"0":{"name":"(anonymous_0)","decl":{"start":{"line":20,"column":2},"end":{"line":20,"column":19}},"loc":{"start":{"line":20,"column":44},"end":{"line":30,"column":null}},"line":20},"1":{"name":"(anonymous_1)","decl":{"start":{"line":41,"column":2},"end":{"line":41,"column":18}},"loc":{"start":{"line":41,"column":66},"end":{"line":44,"column":null}},"line":41},"2":{"name":"(anonymous_2)","decl":{"start":{"line":53,"column":2},"end":{"line":53,"column":20}},"loc":{"start":{"line":53,"column":79},"end":{"line":55,"column":null}},"line":53},"3":{"name":"(anonymous_3)","decl":{"start":{"line":54,"column":29},"end":{"line":54,"column":39}},"loc":{"start":{"line":54,"column":39},"end":{"line":54,"column":80}},"line":54}},"branchMap":{"0":{"loc":{"start":{"line":25,"column":4},"end":{"line":27,"column":null}},"type":"if","locations":[{"start":{"line":25,"column":4},"end":{"line":27,"column":null}},{"start":{},"end":{}}],"line":25}},"s":{"0":219,"1":219,"2":219,"3":184,"4":219,"5":114,"6":114,"7":4,"8":6},"f":{"0":219,"1":114,"2":4,"3":6},"b":{"0":[184,35]},"meta":{"lastBranch":1,"lastFunction":4,"lastStatement":9,"seen":{"f:20:2:20:19":0,"s:21:19:21:Infinity":0,"s:22:4:22:Infinity":1,"b:25:4:27:Infinity:undefined:undefined:undefined:undefined":0,"s:25:4:27:Infinity":2,"s:26:6:26:Infinity":3,"s:29:4:29:Infinity":4,"f:41:2:41:18":1,"s:42:19:42:Infinity":5,"s:43:4:43:Infinity":6,"f:53:2:53:20":2,"s:54:4:54:Infinity":7,"f:54:29:54:39":3,"s:54:39:54:80":8}}}
,"C:\\Workspace\\KunSkiMurderGameSite\\src\\lib\\services\\WinConditionEvaluator.ts": {"path":"C:\\Workspace\\KunSkiMurderGameSite\\src\\lib\\services\\WinConditionEvaluator.ts","statementMap":{"0":{"start":{"line":20,"column":26},"end":{"line":20,"column":null}},"1":{"start":{"line":21,"column":24},"end":{"line":21,"column":null}},"2":{"start":{"line":22,"column":4},"end":{"line":22,"column":null}},"3":{"start":{"line":43,"column":31},"end":{"line":43,"column":null}},"4":{"start":{"line":43,"column":51},"end":{"line":43,"column":70}},"5":{"start":{"line":46,"column":22},"end":{"line":46,"column":null}},"6":{"start":{"line":46,"column":52},"end":{"line":46,"column":63}},"7":{"start":{"line":49,"column":22},"end":{"line":49,"column":null}},"8":{"start":{"line":49,"column":53},"end":{"line":49,"column":73}},"9":{"start":{"line":52,"column":24},"end":{"line":52,"column":null}},"10":{"start":{"line":54,"column":4},"end":{"line":58,"column":null}}},"fnMap":{"0":{"name":"(anonymous_0)","decl":{"start":{"line":19,"column":2},"end":{"line":19,"column":14}},"loc":{"start":{"line":19,"column":63},"end":{"line":23,"column":null}},"line":19},"1":{"name":"(anonymous_1)","decl":{"start":{"line":37,"column":2},"end":{"line":37,"column":null}},"loc":{"start":{"line":41,"column":18},"end":{"line":59,"column":null}},"line":41},"2":{"name":"(anonymous_2)","decl":{"start":{"line":43,"column":46},"end":{"line":43,"column":51}},"loc":{"start":{"line":43,"column":51},"end":{"line":43,"column":70}},"line":43},"3":{"name":"(anonymous_3)","decl":{"start":{"line":46,"column":46},"end":{"line":46,"column":52}},"loc":{"start":{"line":46,"column":52},"end":{"line":46,"column":63}},"line":46},"4":{"name":"(anonymous_4)","decl":{"start":{"line":49,"column":48},"end":{"line":49,"column":53}},"loc":{"start":{"line":49,"column":53},"end":{"line":49,"column":73}},"line":49}},"branchMap":{},"s":{"0":104,"1":104,"2":104,"3":206,"4":3090,"5":206,"6":1054,"7":206,"8":2884,"9":206,"10":206},"f":{"0":104,"1":206,"2":3090,"3":1054,"4":2884},"b":{},"meta":{"lastBranch":0,"lastFunction":5,"lastStatement":11,"seen":{"f:19:2:19:14":0,"s:20:26:20:Infinity":0,"s:21:24:21:Infinity":1,"s:22:4:22:Infinity":2,"f:37:2:37:Infinity":1,"s:43:31:43:Infinity":3,"f:43:46:43:51":2,"s:43:51:43:70":4,"s:46:22:46:Infinity":5,"f:46:46:46:52":3,"s:46:52:46:63":6,"s:49:22:49:Infinity":7,"f:49:48:49:53":4,"s:49:53:49:73":8,"s:52:24:52:Infinity":9,"s:54:4:58:Infinity":10}}}
}
